[2024-02-28T02:11:29.793+0000] {processor.py:161} INFO - Started process (PID=240) to work on /opt/airflow/dags/params.py
[2024-02-28T02:11:29.793+0000] {processor.py:830} INFO - Processing file /opt/airflow/dags/params.py for tasks to queue
[2024-02-28T02:11:29.794+0000] {logging_mixin.py:188} INFO - [2024-02-28T02:11:29.794+0000] {dagbag.py:540} INFO - Filling up the DagBag from /opt/airflow/dags/params.py
[2024-02-28T02:11:29.819+0000] {logging_mixin.py:188} INFO - [2024-02-28T02:11:29.814+0000] {dagbag.py:447} ERROR - Failed to bag_dag: /opt/airflow/dags/params.py
Traceback (most recent call last):
  File "/home/airflow/.local/lib/python3.11/site-packages/airflow/timetables/_cron.py", line 100, in validate
    croniter(self._expression)
  File "/home/airflow/.local/lib/python3.11/site-packages/croniter/croniter.py", line 187, in __init__
    self.expanded, self.nth_weekday_of_month = self.expand(expr_format, hash_id=hash_id)
                                               ^^^^^^^^^^^^^^^^^^^^^^^^^^^^^^^^^^^^^^^^^
  File "/home/airflow/.local/lib/python3.11/site-packages/croniter/croniter.py", line 811, in expand
    return cls._expand(expr_format, hash_id=hash_id)
           ^^^^^^^^^^^^^^^^^^^^^^^^^^^^^^^^^^^^^^^^^
  File "/home/airflow/.local/lib/python3.11/site-packages/croniter/croniter.py", line 657, in _expand
    raise CroniterBadCronError(cls.bad_length)
croniter.croniter.CroniterBadCronError: Exactly 5 or 6 columns has to be specified for iterator expression.

During handling of the above exception, another exception occurred:

Traceback (most recent call last):
  File "/home/airflow/.local/lib/python3.11/site-packages/airflow/models/dagbag.py", line 442, in _process_modules
    dag.validate()
  File "/home/airflow/.local/lib/python3.11/site-packages/airflow/models/dag.py", line 740, in validate
    self.timetable.validate()
  File "/home/airflow/.local/lib/python3.11/site-packages/airflow/timetables/_cron.py", line 102, in validate
    raise AirflowTimetableInvalid(str(e))
airflow.exceptions.AirflowTimetableInvalid: Exactly 5 or 6 columns has to be specified for iterator expression.
[2024-02-28T02:11:29.819+0000] {processor.py:842} WARNING - No viable dags retrieved from /opt/airflow/dags/params.py
[2024-02-28T02:11:29.842+0000] {processor.py:183} INFO - Processing /opt/airflow/dags/params.py took 0.051 seconds
[2024-02-28T02:12:00.458+0000] {processor.py:161} INFO - Started process (PID=251) to work on /opt/airflow/dags/params.py
[2024-02-28T02:12:00.459+0000] {processor.py:830} INFO - Processing file /opt/airflow/dags/params.py for tasks to queue
[2024-02-28T02:12:00.460+0000] {logging_mixin.py:188} INFO - [2024-02-28T02:12:00.460+0000] {dagbag.py:540} INFO - Filling up the DagBag from /opt/airflow/dags/params.py
[2024-02-28T02:12:00.477+0000] {logging_mixin.py:188} INFO - [2024-02-28T02:12:00.476+0000] {dagbag.py:447} ERROR - Failed to bag_dag: /opt/airflow/dags/params.py
Traceback (most recent call last):
  File "/home/airflow/.local/lib/python3.11/site-packages/airflow/timetables/_cron.py", line 100, in validate
    croniter(self._expression)
  File "/home/airflow/.local/lib/python3.11/site-packages/croniter/croniter.py", line 187, in __init__
    self.expanded, self.nth_weekday_of_month = self.expand(expr_format, hash_id=hash_id)
                                               ^^^^^^^^^^^^^^^^^^^^^^^^^^^^^^^^^^^^^^^^^
  File "/home/airflow/.local/lib/python3.11/site-packages/croniter/croniter.py", line 811, in expand
    return cls._expand(expr_format, hash_id=hash_id)
           ^^^^^^^^^^^^^^^^^^^^^^^^^^^^^^^^^^^^^^^^^
  File "/home/airflow/.local/lib/python3.11/site-packages/croniter/croniter.py", line 657, in _expand
    raise CroniterBadCronError(cls.bad_length)
croniter.croniter.CroniterBadCronError: Exactly 5 or 6 columns has to be specified for iterator expression.

During handling of the above exception, another exception occurred:

Traceback (most recent call last):
  File "/home/airflow/.local/lib/python3.11/site-packages/airflow/models/dagbag.py", line 442, in _process_modules
    dag.validate()
  File "/home/airflow/.local/lib/python3.11/site-packages/airflow/models/dag.py", line 740, in validate
    self.timetable.validate()
  File "/home/airflow/.local/lib/python3.11/site-packages/airflow/timetables/_cron.py", line 102, in validate
    raise AirflowTimetableInvalid(str(e))
airflow.exceptions.AirflowTimetableInvalid: Exactly 5 or 6 columns has to be specified for iterator expression.
[2024-02-28T02:12:00.478+0000] {processor.py:842} WARNING - No viable dags retrieved from /opt/airflow/dags/params.py
[2024-02-28T02:12:00.505+0000] {processor.py:183} INFO - Processing /opt/airflow/dags/params.py took 0.048 seconds
[2024-02-28T02:12:31.115+0000] {processor.py:161} INFO - Started process (PID=262) to work on /opt/airflow/dags/params.py
[2024-02-28T02:12:31.116+0000] {processor.py:830} INFO - Processing file /opt/airflow/dags/params.py for tasks to queue
[2024-02-28T02:12:31.117+0000] {logging_mixin.py:188} INFO - [2024-02-28T02:12:31.116+0000] {dagbag.py:540} INFO - Filling up the DagBag from /opt/airflow/dags/params.py
[2024-02-28T02:12:31.131+0000] {logging_mixin.py:188} INFO - [2024-02-28T02:12:31.129+0000] {dagbag.py:447} ERROR - Failed to bag_dag: /opt/airflow/dags/params.py
Traceback (most recent call last):
  File "/home/airflow/.local/lib/python3.11/site-packages/airflow/timetables/_cron.py", line 100, in validate
    croniter(self._expression)
  File "/home/airflow/.local/lib/python3.11/site-packages/croniter/croniter.py", line 187, in __init__
    self.expanded, self.nth_weekday_of_month = self.expand(expr_format, hash_id=hash_id)
                                               ^^^^^^^^^^^^^^^^^^^^^^^^^^^^^^^^^^^^^^^^^
  File "/home/airflow/.local/lib/python3.11/site-packages/croniter/croniter.py", line 811, in expand
    return cls._expand(expr_format, hash_id=hash_id)
           ^^^^^^^^^^^^^^^^^^^^^^^^^^^^^^^^^^^^^^^^^
  File "/home/airflow/.local/lib/python3.11/site-packages/croniter/croniter.py", line 657, in _expand
    raise CroniterBadCronError(cls.bad_length)
croniter.croniter.CroniterBadCronError: Exactly 5 or 6 columns has to be specified for iterator expression.

During handling of the above exception, another exception occurred:

Traceback (most recent call last):
  File "/home/airflow/.local/lib/python3.11/site-packages/airflow/models/dagbag.py", line 442, in _process_modules
    dag.validate()
  File "/home/airflow/.local/lib/python3.11/site-packages/airflow/models/dag.py", line 740, in validate
    self.timetable.validate()
  File "/home/airflow/.local/lib/python3.11/site-packages/airflow/timetables/_cron.py", line 102, in validate
    raise AirflowTimetableInvalid(str(e))
airflow.exceptions.AirflowTimetableInvalid: Exactly 5 or 6 columns has to be specified for iterator expression.
[2024-02-28T02:12:31.131+0000] {processor.py:842} WARNING - No viable dags retrieved from /opt/airflow/dags/params.py
[2024-02-28T02:12:31.156+0000] {processor.py:183} INFO - Processing /opt/airflow/dags/params.py took 0.043 seconds
[2024-02-28T02:13:01.883+0000] {processor.py:161} INFO - Started process (PID=273) to work on /opt/airflow/dags/params.py
[2024-02-28T02:13:01.884+0000] {processor.py:830} INFO - Processing file /opt/airflow/dags/params.py for tasks to queue
[2024-02-28T02:13:01.885+0000] {logging_mixin.py:188} INFO - [2024-02-28T02:13:01.885+0000] {dagbag.py:540} INFO - Filling up the DagBag from /opt/airflow/dags/params.py
[2024-02-28T02:13:01.900+0000] {logging_mixin.py:188} INFO - [2024-02-28T02:13:01.899+0000] {dagbag.py:447} ERROR - Failed to bag_dag: /opt/airflow/dags/params.py
Traceback (most recent call last):
  File "/home/airflow/.local/lib/python3.11/site-packages/airflow/timetables/_cron.py", line 100, in validate
    croniter(self._expression)
  File "/home/airflow/.local/lib/python3.11/site-packages/croniter/croniter.py", line 187, in __init__
    self.expanded, self.nth_weekday_of_month = self.expand(expr_format, hash_id=hash_id)
                                               ^^^^^^^^^^^^^^^^^^^^^^^^^^^^^^^^^^^^^^^^^
  File "/home/airflow/.local/lib/python3.11/site-packages/croniter/croniter.py", line 811, in expand
    return cls._expand(expr_format, hash_id=hash_id)
           ^^^^^^^^^^^^^^^^^^^^^^^^^^^^^^^^^^^^^^^^^
  File "/home/airflow/.local/lib/python3.11/site-packages/croniter/croniter.py", line 657, in _expand
    raise CroniterBadCronError(cls.bad_length)
croniter.croniter.CroniterBadCronError: Exactly 5 or 6 columns has to be specified for iterator expression.

During handling of the above exception, another exception occurred:

Traceback (most recent call last):
  File "/home/airflow/.local/lib/python3.11/site-packages/airflow/models/dagbag.py", line 442, in _process_modules
    dag.validate()
  File "/home/airflow/.local/lib/python3.11/site-packages/airflow/models/dag.py", line 740, in validate
    self.timetable.validate()
  File "/home/airflow/.local/lib/python3.11/site-packages/airflow/timetables/_cron.py", line 102, in validate
    raise AirflowTimetableInvalid(str(e))
airflow.exceptions.AirflowTimetableInvalid: Exactly 5 or 6 columns has to be specified for iterator expression.
[2024-02-28T02:13:01.900+0000] {processor.py:842} WARNING - No viable dags retrieved from /opt/airflow/dags/params.py
[2024-02-28T02:13:01.926+0000] {processor.py:183} INFO - Processing /opt/airflow/dags/params.py took 0.045 seconds
[2024-02-28T02:13:32.562+0000] {processor.py:161} INFO - Started process (PID=284) to work on /opt/airflow/dags/params.py
[2024-02-28T02:13:32.563+0000] {processor.py:830} INFO - Processing file /opt/airflow/dags/params.py for tasks to queue
[2024-02-28T02:13:32.564+0000] {logging_mixin.py:188} INFO - [2024-02-28T02:13:32.564+0000] {dagbag.py:540} INFO - Filling up the DagBag from /opt/airflow/dags/params.py
[2024-02-28T02:13:32.579+0000] {logging_mixin.py:188} INFO - [2024-02-28T02:13:32.577+0000] {dagbag.py:447} ERROR - Failed to bag_dag: /opt/airflow/dags/params.py
Traceback (most recent call last):
  File "/home/airflow/.local/lib/python3.11/site-packages/airflow/timetables/_cron.py", line 100, in validate
    croniter(self._expression)
  File "/home/airflow/.local/lib/python3.11/site-packages/croniter/croniter.py", line 187, in __init__
    self.expanded, self.nth_weekday_of_month = self.expand(expr_format, hash_id=hash_id)
                                               ^^^^^^^^^^^^^^^^^^^^^^^^^^^^^^^^^^^^^^^^^
  File "/home/airflow/.local/lib/python3.11/site-packages/croniter/croniter.py", line 811, in expand
    return cls._expand(expr_format, hash_id=hash_id)
           ^^^^^^^^^^^^^^^^^^^^^^^^^^^^^^^^^^^^^^^^^
  File "/home/airflow/.local/lib/python3.11/site-packages/croniter/croniter.py", line 657, in _expand
    raise CroniterBadCronError(cls.bad_length)
croniter.croniter.CroniterBadCronError: Exactly 5 or 6 columns has to be specified for iterator expression.

During handling of the above exception, another exception occurred:

Traceback (most recent call last):
  File "/home/airflow/.local/lib/python3.11/site-packages/airflow/models/dagbag.py", line 442, in _process_modules
    dag.validate()
  File "/home/airflow/.local/lib/python3.11/site-packages/airflow/models/dag.py", line 740, in validate
    self.timetable.validate()
  File "/home/airflow/.local/lib/python3.11/site-packages/airflow/timetables/_cron.py", line 102, in validate
    raise AirflowTimetableInvalid(str(e))
airflow.exceptions.AirflowTimetableInvalid: Exactly 5 or 6 columns has to be specified for iterator expression.
[2024-02-28T02:13:32.579+0000] {processor.py:842} WARNING - No viable dags retrieved from /opt/airflow/dags/params.py
[2024-02-28T02:13:32.608+0000] {processor.py:183} INFO - Processing /opt/airflow/dags/params.py took 0.048 seconds
[2024-02-28T02:13:46.034+0000] {processor.py:161} INFO - Started process (PID=289) to work on /opt/airflow/dags/params.py
[2024-02-28T02:13:46.035+0000] {processor.py:830} INFO - Processing file /opt/airflow/dags/params.py for tasks to queue
[2024-02-28T02:13:46.036+0000] {logging_mixin.py:188} INFO - [2024-02-28T02:13:46.036+0000] {dagbag.py:540} INFO - Filling up the DagBag from /opt/airflow/dags/params.py
[2024-02-28T02:13:46.056+0000] {logging_mixin.py:188} INFO - [2024-02-28T02:13:46.055+0000] {dagbag.py:447} ERROR - Failed to bag_dag: /opt/airflow/dags/params.py
Traceback (most recent call last):
  File "/home/airflow/.local/lib/python3.11/site-packages/airflow/timetables/_cron.py", line 100, in validate
    croniter(self._expression)
  File "/home/airflow/.local/lib/python3.11/site-packages/croniter/croniter.py", line 187, in __init__
    self.expanded, self.nth_weekday_of_month = self.expand(expr_format, hash_id=hash_id)
                                               ^^^^^^^^^^^^^^^^^^^^^^^^^^^^^^^^^^^^^^^^^
  File "/home/airflow/.local/lib/python3.11/site-packages/croniter/croniter.py", line 811, in expand
    return cls._expand(expr_format, hash_id=hash_id)
           ^^^^^^^^^^^^^^^^^^^^^^^^^^^^^^^^^^^^^^^^^
  File "/home/airflow/.local/lib/python3.11/site-packages/croniter/croniter.py", line 657, in _expand
    raise CroniterBadCronError(cls.bad_length)
croniter.croniter.CroniterBadCronError: Exactly 5 or 6 columns has to be specified for iterator expression.

During handling of the above exception, another exception occurred:

Traceback (most recent call last):
  File "/home/airflow/.local/lib/python3.11/site-packages/airflow/models/dagbag.py", line 442, in _process_modules
    dag.validate()
  File "/home/airflow/.local/lib/python3.11/site-packages/airflow/models/dag.py", line 740, in validate
    self.timetable.validate()
  File "/home/airflow/.local/lib/python3.11/site-packages/airflow/timetables/_cron.py", line 102, in validate
    raise AirflowTimetableInvalid(str(e))
airflow.exceptions.AirflowTimetableInvalid: Exactly 5 or 6 columns has to be specified for iterator expression.
[2024-02-28T02:13:46.057+0000] {processor.py:842} WARNING - No viable dags retrieved from /opt/airflow/dags/params.py
[2024-02-28T02:13:46.087+0000] {processor.py:183} INFO - Processing /opt/airflow/dags/params.py took 0.055 seconds
[2024-02-28T02:14:16.720+0000] {processor.py:161} INFO - Started process (PID=300) to work on /opt/airflow/dags/params.py
[2024-02-28T02:14:16.720+0000] {processor.py:830} INFO - Processing file /opt/airflow/dags/params.py for tasks to queue
[2024-02-28T02:14:16.721+0000] {logging_mixin.py:188} INFO - [2024-02-28T02:14:16.721+0000] {dagbag.py:540} INFO - Filling up the DagBag from /opt/airflow/dags/params.py
[2024-02-28T02:14:16.738+0000] {logging_mixin.py:188} INFO - [2024-02-28T02:14:16.736+0000] {dagbag.py:447} ERROR - Failed to bag_dag: /opt/airflow/dags/params.py
Traceback (most recent call last):
  File "/home/airflow/.local/lib/python3.11/site-packages/airflow/timetables/_cron.py", line 100, in validate
    croniter(self._expression)
  File "/home/airflow/.local/lib/python3.11/site-packages/croniter/croniter.py", line 187, in __init__
    self.expanded, self.nth_weekday_of_month = self.expand(expr_format, hash_id=hash_id)
                                               ^^^^^^^^^^^^^^^^^^^^^^^^^^^^^^^^^^^^^^^^^
  File "/home/airflow/.local/lib/python3.11/site-packages/croniter/croniter.py", line 811, in expand
    return cls._expand(expr_format, hash_id=hash_id)
           ^^^^^^^^^^^^^^^^^^^^^^^^^^^^^^^^^^^^^^^^^
  File "/home/airflow/.local/lib/python3.11/site-packages/croniter/croniter.py", line 657, in _expand
    raise CroniterBadCronError(cls.bad_length)
croniter.croniter.CroniterBadCronError: Exactly 5 or 6 columns has to be specified for iterator expression.

During handling of the above exception, another exception occurred:

Traceback (most recent call last):
  File "/home/airflow/.local/lib/python3.11/site-packages/airflow/models/dagbag.py", line 442, in _process_modules
    dag.validate()
  File "/home/airflow/.local/lib/python3.11/site-packages/airflow/models/dag.py", line 740, in validate
    self.timetable.validate()
  File "/home/airflow/.local/lib/python3.11/site-packages/airflow/timetables/_cron.py", line 102, in validate
    raise AirflowTimetableInvalid(str(e))
airflow.exceptions.AirflowTimetableInvalid: Exactly 5 or 6 columns has to be specified for iterator expression.
[2024-02-28T02:14:16.738+0000] {processor.py:842} WARNING - No viable dags retrieved from /opt/airflow/dags/params.py
[2024-02-28T02:14:16.766+0000] {processor.py:183} INFO - Processing /opt/airflow/dags/params.py took 0.048 seconds
[2024-02-28T02:14:47.402+0000] {processor.py:161} INFO - Started process (PID=311) to work on /opt/airflow/dags/params.py
[2024-02-28T02:14:47.403+0000] {processor.py:830} INFO - Processing file /opt/airflow/dags/params.py for tasks to queue
[2024-02-28T02:14:47.404+0000] {logging_mixin.py:188} INFO - [2024-02-28T02:14:47.404+0000] {dagbag.py:540} INFO - Filling up the DagBag from /opt/airflow/dags/params.py
[2024-02-28T02:14:47.417+0000] {logging_mixin.py:188} INFO - [2024-02-28T02:14:47.416+0000] {dagbag.py:447} ERROR - Failed to bag_dag: /opt/airflow/dags/params.py
Traceback (most recent call last):
  File "/home/airflow/.local/lib/python3.11/site-packages/airflow/timetables/_cron.py", line 100, in validate
    croniter(self._expression)
  File "/home/airflow/.local/lib/python3.11/site-packages/croniter/croniter.py", line 187, in __init__
    self.expanded, self.nth_weekday_of_month = self.expand(expr_format, hash_id=hash_id)
                                               ^^^^^^^^^^^^^^^^^^^^^^^^^^^^^^^^^^^^^^^^^
  File "/home/airflow/.local/lib/python3.11/site-packages/croniter/croniter.py", line 811, in expand
    return cls._expand(expr_format, hash_id=hash_id)
           ^^^^^^^^^^^^^^^^^^^^^^^^^^^^^^^^^^^^^^^^^
  File "/home/airflow/.local/lib/python3.11/site-packages/croniter/croniter.py", line 657, in _expand
    raise CroniterBadCronError(cls.bad_length)
croniter.croniter.CroniterBadCronError: Exactly 5 or 6 columns has to be specified for iterator expression.

During handling of the above exception, another exception occurred:

Traceback (most recent call last):
  File "/home/airflow/.local/lib/python3.11/site-packages/airflow/models/dagbag.py", line 442, in _process_modules
    dag.validate()
  File "/home/airflow/.local/lib/python3.11/site-packages/airflow/models/dag.py", line 740, in validate
    self.timetable.validate()
  File "/home/airflow/.local/lib/python3.11/site-packages/airflow/timetables/_cron.py", line 102, in validate
    raise AirflowTimetableInvalid(str(e))
airflow.exceptions.AirflowTimetableInvalid: Exactly 5 or 6 columns has to be specified for iterator expression.
[2024-02-28T02:14:47.417+0000] {processor.py:842} WARNING - No viable dags retrieved from /opt/airflow/dags/params.py
[2024-02-28T02:14:47.440+0000] {processor.py:183} INFO - Processing /opt/airflow/dags/params.py took 0.040 seconds
[2024-02-28T02:15:09.748+0000] {processor.py:161} INFO - Started process (PID=318) to work on /opt/airflow/dags/params.py
[2024-02-28T02:15:09.748+0000] {processor.py:830} INFO - Processing file /opt/airflow/dags/params.py for tasks to queue
[2024-02-28T02:15:09.750+0000] {logging_mixin.py:188} INFO - [2024-02-28T02:15:09.749+0000] {dagbag.py:540} INFO - Filling up the DagBag from /opt/airflow/dags/params.py
[2024-02-28T02:15:09.768+0000] {processor.py:840} INFO - DAG(s) 'params' retrieved from /opt/airflow/dags/params.py
[2024-02-28T02:15:09.853+0000] {logging_mixin.py:188} INFO - [2024-02-28T02:15:09.853+0000] {override.py:1769} INFO - Created Permission View: can edit on DAG:params
[2024-02-28T02:15:09.859+0000] {logging_mixin.py:188} INFO - [2024-02-28T02:15:09.859+0000] {override.py:1769} INFO - Created Permission View: can read on DAG:params
[2024-02-28T02:15:09.863+0000] {logging_mixin.py:188} INFO - [2024-02-28T02:15:09.863+0000] {override.py:1769} INFO - Created Permission View: can delete on DAG:params
[2024-02-28T02:15:09.863+0000] {logging_mixin.py:188} INFO - [2024-02-28T02:15:09.863+0000] {dag.py:3047} INFO - Sync 1 DAGs
[2024-02-28T02:15:09.871+0000] {logging_mixin.py:188} INFO - [2024-02-28T02:15:09.871+0000] {dag.py:3069} INFO - Creating ORM DAG for params
[2024-02-28T02:15:09.872+0000] {logging_mixin.py:188} INFO - [2024-02-28T02:15:09.872+0000] {dag.py:3834} INFO - Setting next_dagrun for params to None, run_after=None
[2024-02-28T02:15:09.888+0000] {processor.py:183} INFO - Processing /opt/airflow/dags/params.py took 0.142 seconds
[2024-02-28T02:15:40.475+0000] {processor.py:161} INFO - Started process (PID=329) to work on /opt/airflow/dags/params.py
[2024-02-28T02:15:40.476+0000] {processor.py:830} INFO - Processing file /opt/airflow/dags/params.py for tasks to queue
[2024-02-28T02:15:40.478+0000] {logging_mixin.py:188} INFO - [2024-02-28T02:15:40.478+0000] {dagbag.py:540} INFO - Filling up the DagBag from /opt/airflow/dags/params.py
[2024-02-28T02:15:40.505+0000] {processor.py:840} INFO - DAG(s) 'params' retrieved from /opt/airflow/dags/params.py
[2024-02-28T02:15:40.536+0000] {logging_mixin.py:188} INFO - [2024-02-28T02:15:40.536+0000] {dag.py:3047} INFO - Sync 1 DAGs
[2024-02-28T02:15:40.545+0000] {logging_mixin.py:188} INFO - [2024-02-28T02:15:40.545+0000] {dag.py:3834} INFO - Setting next_dagrun for params to None, run_after=None
[2024-02-28T02:15:40.565+0000] {processor.py:183} INFO - Processing /opt/airflow/dags/params.py took 0.092 seconds
[2024-02-28T02:16:11.301+0000] {processor.py:161} INFO - Started process (PID=340) to work on /opt/airflow/dags/params.py
[2024-02-28T02:16:11.302+0000] {processor.py:830} INFO - Processing file /opt/airflow/dags/params.py for tasks to queue
[2024-02-28T02:16:11.303+0000] {logging_mixin.py:188} INFO - [2024-02-28T02:16:11.303+0000] {dagbag.py:540} INFO - Filling up the DagBag from /opt/airflow/dags/params.py
[2024-02-28T02:16:11.316+0000] {processor.py:840} INFO - DAG(s) 'params' retrieved from /opt/airflow/dags/params.py
[2024-02-28T02:16:11.356+0000] {logging_mixin.py:188} INFO - [2024-02-28T02:16:11.355+0000] {dag.py:3047} INFO - Sync 1 DAGs
[2024-02-28T02:16:11.379+0000] {logging_mixin.py:188} INFO - [2024-02-28T02:16:11.379+0000] {dag.py:3834} INFO - Setting next_dagrun for params to None, run_after=None
[2024-02-28T02:16:11.419+0000] {processor.py:183} INFO - Processing /opt/airflow/dags/params.py took 0.119 seconds
[2024-02-28T02:16:42.062+0000] {processor.py:161} INFO - Started process (PID=351) to work on /opt/airflow/dags/params.py
[2024-02-28T02:16:42.062+0000] {processor.py:830} INFO - Processing file /opt/airflow/dags/params.py for tasks to queue
[2024-02-28T02:16:42.064+0000] {logging_mixin.py:188} INFO - [2024-02-28T02:16:42.064+0000] {dagbag.py:540} INFO - Filling up the DagBag from /opt/airflow/dags/params.py
[2024-02-28T02:16:42.076+0000] {processor.py:840} INFO - DAG(s) 'params' retrieved from /opt/airflow/dags/params.py
[2024-02-28T02:16:42.101+0000] {logging_mixin.py:188} INFO - [2024-02-28T02:16:42.101+0000] {dag.py:3047} INFO - Sync 1 DAGs
[2024-02-28T02:16:42.112+0000] {logging_mixin.py:188} INFO - [2024-02-28T02:16:42.112+0000] {dag.py:3834} INFO - Setting next_dagrun for params to None, run_after=None
[2024-02-28T02:16:42.131+0000] {processor.py:183} INFO - Processing /opt/airflow/dags/params.py took 0.071 seconds
[2024-02-28T02:17:12.785+0000] {processor.py:161} INFO - Started process (PID=362) to work on /opt/airflow/dags/params.py
[2024-02-28T02:17:12.786+0000] {processor.py:830} INFO - Processing file /opt/airflow/dags/params.py for tasks to queue
[2024-02-28T02:17:12.787+0000] {logging_mixin.py:188} INFO - [2024-02-28T02:17:12.787+0000] {dagbag.py:540} INFO - Filling up the DagBag from /opt/airflow/dags/params.py
[2024-02-28T02:17:12.800+0000] {processor.py:840} INFO - DAG(s) 'params' retrieved from /opt/airflow/dags/params.py
[2024-02-28T02:17:12.825+0000] {logging_mixin.py:188} INFO - [2024-02-28T02:17:12.825+0000] {dag.py:3047} INFO - Sync 1 DAGs
[2024-02-28T02:17:12.835+0000] {logging_mixin.py:188} INFO - [2024-02-28T02:17:12.835+0000] {dag.py:3834} INFO - Setting next_dagrun for params to None, run_after=None
[2024-02-28T02:17:12.855+0000] {processor.py:183} INFO - Processing /opt/airflow/dags/params.py took 0.071 seconds
[2024-02-28T02:17:43.474+0000] {processor.py:161} INFO - Started process (PID=373) to work on /opt/airflow/dags/params.py
[2024-02-28T02:17:43.475+0000] {processor.py:830} INFO - Processing file /opt/airflow/dags/params.py for tasks to queue
[2024-02-28T02:17:43.476+0000] {logging_mixin.py:188} INFO - [2024-02-28T02:17:43.476+0000] {dagbag.py:540} INFO - Filling up the DagBag from /opt/airflow/dags/params.py
[2024-02-28T02:17:43.490+0000] {processor.py:840} INFO - DAG(s) 'params' retrieved from /opt/airflow/dags/params.py
[2024-02-28T02:17:43.513+0000] {logging_mixin.py:188} INFO - [2024-02-28T02:17:43.513+0000] {dag.py:3047} INFO - Sync 1 DAGs
[2024-02-28T02:17:43.523+0000] {logging_mixin.py:188} INFO - [2024-02-28T02:17:43.523+0000] {dag.py:3834} INFO - Setting next_dagrun for params to None, run_after=None
[2024-02-28T02:17:43.540+0000] {processor.py:183} INFO - Processing /opt/airflow/dags/params.py took 0.068 seconds
[2024-02-28T02:18:14.209+0000] {processor.py:161} INFO - Started process (PID=384) to work on /opt/airflow/dags/params.py
[2024-02-28T02:18:14.209+0000] {processor.py:830} INFO - Processing file /opt/airflow/dags/params.py for tasks to queue
[2024-02-28T02:18:14.210+0000] {logging_mixin.py:188} INFO - [2024-02-28T02:18:14.210+0000] {dagbag.py:540} INFO - Filling up the DagBag from /opt/airflow/dags/params.py
[2024-02-28T02:18:14.225+0000] {processor.py:840} INFO - DAG(s) 'params' retrieved from /opt/airflow/dags/params.py
[2024-02-28T02:18:14.250+0000] {logging_mixin.py:188} INFO - [2024-02-28T02:18:14.250+0000] {dag.py:3047} INFO - Sync 1 DAGs
[2024-02-28T02:18:14.259+0000] {logging_mixin.py:188} INFO - [2024-02-28T02:18:14.258+0000] {dag.py:3834} INFO - Setting next_dagrun for params to None, run_after=None
[2024-02-28T02:18:14.277+0000] {processor.py:183} INFO - Processing /opt/airflow/dags/params.py took 0.071 seconds
[2024-02-28T02:18:45.032+0000] {processor.py:161} INFO - Started process (PID=395) to work on /opt/airflow/dags/params.py
[2024-02-28T02:18:45.033+0000] {processor.py:830} INFO - Processing file /opt/airflow/dags/params.py for tasks to queue
[2024-02-28T02:18:45.034+0000] {logging_mixin.py:188} INFO - [2024-02-28T02:18:45.034+0000] {dagbag.py:540} INFO - Filling up the DagBag from /opt/airflow/dags/params.py
[2024-02-28T02:18:45.050+0000] {processor.py:840} INFO - DAG(s) 'params' retrieved from /opt/airflow/dags/params.py
[2024-02-28T02:18:45.078+0000] {logging_mixin.py:188} INFO - [2024-02-28T02:18:45.078+0000] {dag.py:3047} INFO - Sync 1 DAGs
[2024-02-28T02:18:45.087+0000] {logging_mixin.py:188} INFO - [2024-02-28T02:18:45.086+0000] {dag.py:3834} INFO - Setting next_dagrun for params to None, run_after=None
[2024-02-28T02:18:45.106+0000] {processor.py:183} INFO - Processing /opt/airflow/dags/params.py took 0.076 seconds
[2024-02-28T02:19:15.710+0000] {processor.py:161} INFO - Started process (PID=406) to work on /opt/airflow/dags/params.py
[2024-02-28T02:19:15.711+0000] {processor.py:830} INFO - Processing file /opt/airflow/dags/params.py for tasks to queue
[2024-02-28T02:19:15.712+0000] {logging_mixin.py:188} INFO - [2024-02-28T02:19:15.712+0000] {dagbag.py:540} INFO - Filling up the DagBag from /opt/airflow/dags/params.py
[2024-02-28T02:19:15.724+0000] {processor.py:840} INFO - DAG(s) 'params' retrieved from /opt/airflow/dags/params.py
[2024-02-28T02:19:15.749+0000] {logging_mixin.py:188} INFO - [2024-02-28T02:19:15.749+0000] {dag.py:3047} INFO - Sync 1 DAGs
[2024-02-28T02:19:15.757+0000] {logging_mixin.py:188} INFO - [2024-02-28T02:19:15.757+0000] {dag.py:3834} INFO - Setting next_dagrun for params to None, run_after=None
[2024-02-28T02:19:15.776+0000] {processor.py:183} INFO - Processing /opt/airflow/dags/params.py took 0.067 seconds
[2024-02-28T02:19:46.455+0000] {processor.py:161} INFO - Started process (PID=417) to work on /opt/airflow/dags/params.py
[2024-02-28T02:19:46.456+0000] {processor.py:830} INFO - Processing file /opt/airflow/dags/params.py for tasks to queue
[2024-02-28T02:19:46.457+0000] {logging_mixin.py:188} INFO - [2024-02-28T02:19:46.457+0000] {dagbag.py:540} INFO - Filling up the DagBag from /opt/airflow/dags/params.py
[2024-02-28T02:19:46.470+0000] {processor.py:840} INFO - DAG(s) 'params' retrieved from /opt/airflow/dags/params.py
[2024-02-28T02:19:46.496+0000] {logging_mixin.py:188} INFO - [2024-02-28T02:19:46.496+0000] {dag.py:3047} INFO - Sync 1 DAGs
[2024-02-28T02:19:46.505+0000] {logging_mixin.py:188} INFO - [2024-02-28T02:19:46.505+0000] {dag.py:3834} INFO - Setting next_dagrun for params to None, run_after=None
[2024-02-28T02:19:46.521+0000] {processor.py:183} INFO - Processing /opt/airflow/dags/params.py took 0.067 seconds
[2024-02-28T02:20:17.186+0000] {processor.py:161} INFO - Started process (PID=428) to work on /opt/airflow/dags/params.py
[2024-02-28T02:20:17.187+0000] {processor.py:830} INFO - Processing file /opt/airflow/dags/params.py for tasks to queue
[2024-02-28T02:20:17.188+0000] {logging_mixin.py:188} INFO - [2024-02-28T02:20:17.188+0000] {dagbag.py:540} INFO - Filling up the DagBag from /opt/airflow/dags/params.py
[2024-02-28T02:20:17.201+0000] {processor.py:840} INFO - DAG(s) 'params' retrieved from /opt/airflow/dags/params.py
[2024-02-28T02:20:17.232+0000] {logging_mixin.py:188} INFO - [2024-02-28T02:20:17.232+0000] {dag.py:3047} INFO - Sync 1 DAGs
[2024-02-28T02:20:17.241+0000] {logging_mixin.py:188} INFO - [2024-02-28T02:20:17.241+0000] {dag.py:3834} INFO - Setting next_dagrun for params to None, run_after=None
[2024-02-28T02:20:17.256+0000] {processor.py:183} INFO - Processing /opt/airflow/dags/params.py took 0.072 seconds
[2024-02-28T02:20:43.916+0000] {processor.py:161} INFO - Started process (PID=439) to work on /opt/airflow/dags/params.py
[2024-02-28T02:20:43.917+0000] {processor.py:830} INFO - Processing file /opt/airflow/dags/params.py for tasks to queue
[2024-02-28T02:20:43.918+0000] {logging_mixin.py:188} INFO - [2024-02-28T02:20:43.918+0000] {dagbag.py:540} INFO - Filling up the DagBag from /opt/airflow/dags/params.py
[2024-02-28T02:20:43.930+0000] {logging_mixin.py:188} INFO - [2024-02-28T02:20:43.929+0000] {dagbag.py:350} ERROR - Failed to import: /opt/airflow/dags/params.py
Traceback (most recent call last):
  File "/home/airflow/.local/lib/python3.11/site-packages/airflow/models/dagbag.py", line 346, in parse
    loader.exec_module(new_module)
  File "<frozen importlib._bootstrap_external>", line 936, in exec_module
  File "<frozen importlib._bootstrap_external>", line 1074, in get_code
  File "<frozen importlib._bootstrap_external>", line 1004, in source_to_code
  File "<frozen importlib._bootstrap>", line 241, in _call_with_frames_removed
  File "/opt/airflow/dags/params.py", line 8
    y = context['params'].['y']
                          ^
SyntaxError: invalid syntax
[2024-02-28T02:20:43.931+0000] {processor.py:842} WARNING - No viable dags retrieved from /opt/airflow/dags/params.py
[2024-02-28T02:20:43.956+0000] {processor.py:183} INFO - Processing /opt/airflow/dags/params.py took 0.041 seconds
[2024-02-28T02:20:46.971+0000] {processor.py:161} INFO - Started process (PID=440) to work on /opt/airflow/dags/params.py
[2024-02-28T02:20:46.972+0000] {processor.py:830} INFO - Processing file /opt/airflow/dags/params.py for tasks to queue
[2024-02-28T02:20:46.974+0000] {logging_mixin.py:188} INFO - [2024-02-28T02:20:46.973+0000] {dagbag.py:540} INFO - Filling up the DagBag from /opt/airflow/dags/params.py
[2024-02-28T02:20:46.990+0000] {processor.py:840} INFO - DAG(s) 'params' retrieved from /opt/airflow/dags/params.py
[2024-02-28T02:20:47.060+0000] {logging_mixin.py:188} INFO - [2024-02-28T02:20:47.060+0000] {dag.py:3047} INFO - Sync 1 DAGs
[2024-02-28T02:20:47.068+0000] {logging_mixin.py:188} INFO - [2024-02-28T02:20:47.068+0000] {dag.py:3069} INFO - Creating ORM DAG for params
[2024-02-28T02:20:47.069+0000] {logging_mixin.py:188} INFO - [2024-02-28T02:20:47.069+0000] {dag.py:3834} INFO - Setting next_dagrun for params to None, run_after=None
[2024-02-28T02:20:47.088+0000] {processor.py:183} INFO - Processing /opt/airflow/dags/params.py took 0.119 seconds
[2024-02-28T02:21:17.740+0000] {processor.py:161} INFO - Started process (PID=451) to work on /opt/airflow/dags/params.py
[2024-02-28T02:21:17.741+0000] {processor.py:830} INFO - Processing file /opt/airflow/dags/params.py for tasks to queue
[2024-02-28T02:21:17.742+0000] {logging_mixin.py:188} INFO - [2024-02-28T02:21:17.742+0000] {dagbag.py:540} INFO - Filling up the DagBag from /opt/airflow/dags/params.py
[2024-02-28T02:21:17.759+0000] {processor.py:840} INFO - DAG(s) 'params' retrieved from /opt/airflow/dags/params.py
[2024-02-28T02:21:17.793+0000] {logging_mixin.py:188} INFO - [2024-02-28T02:21:17.793+0000] {dag.py:3047} INFO - Sync 1 DAGs
[2024-02-28T02:21:17.805+0000] {logging_mixin.py:188} INFO - [2024-02-28T02:21:17.805+0000] {dag.py:3834} INFO - Setting next_dagrun for params to None, run_after=None
[2024-02-28T02:21:17.832+0000] {processor.py:183} INFO - Processing /opt/airflow/dags/params.py took 0.094 seconds
[2024-02-28T02:21:48.427+0000] {processor.py:161} INFO - Started process (PID=462) to work on /opt/airflow/dags/params.py
[2024-02-28T02:21:48.428+0000] {processor.py:830} INFO - Processing file /opt/airflow/dags/params.py for tasks to queue
[2024-02-28T02:21:48.429+0000] {logging_mixin.py:188} INFO - [2024-02-28T02:21:48.429+0000] {dagbag.py:540} INFO - Filling up the DagBag from /opt/airflow/dags/params.py
[2024-02-28T02:21:48.442+0000] {processor.py:840} INFO - DAG(s) 'params' retrieved from /opt/airflow/dags/params.py
[2024-02-28T02:21:48.464+0000] {logging_mixin.py:188} INFO - [2024-02-28T02:21:48.464+0000] {dag.py:3047} INFO - Sync 1 DAGs
[2024-02-28T02:21:48.473+0000] {logging_mixin.py:188} INFO - [2024-02-28T02:21:48.473+0000] {dag.py:3834} INFO - Setting next_dagrun for params to None, run_after=None
[2024-02-28T02:21:48.489+0000] {processor.py:183} INFO - Processing /opt/airflow/dags/params.py took 0.063 seconds
[2024-02-28T02:22:19.148+0000] {processor.py:161} INFO - Started process (PID=473) to work on /opt/airflow/dags/params.py
[2024-02-28T02:22:19.149+0000] {processor.py:830} INFO - Processing file /opt/airflow/dags/params.py for tasks to queue
[2024-02-28T02:22:19.150+0000] {logging_mixin.py:188} INFO - [2024-02-28T02:22:19.150+0000] {dagbag.py:540} INFO - Filling up the DagBag from /opt/airflow/dags/params.py
[2024-02-28T02:22:19.164+0000] {processor.py:840} INFO - DAG(s) 'params' retrieved from /opt/airflow/dags/params.py
[2024-02-28T02:22:19.190+0000] {logging_mixin.py:188} INFO - [2024-02-28T02:22:19.190+0000] {dag.py:3047} INFO - Sync 1 DAGs
[2024-02-28T02:22:19.200+0000] {logging_mixin.py:188} INFO - [2024-02-28T02:22:19.200+0000] {dag.py:3834} INFO - Setting next_dagrun for params to None, run_after=None
[2024-02-28T02:22:19.226+0000] {processor.py:183} INFO - Processing /opt/airflow/dags/params.py took 0.080 seconds
[2024-02-28T02:22:49.975+0000] {processor.py:161} INFO - Started process (PID=484) to work on /opt/airflow/dags/params.py
[2024-02-28T02:22:49.976+0000] {processor.py:830} INFO - Processing file /opt/airflow/dags/params.py for tasks to queue
[2024-02-28T02:22:49.977+0000] {logging_mixin.py:188} INFO - [2024-02-28T02:22:49.977+0000] {dagbag.py:540} INFO - Filling up the DagBag from /opt/airflow/dags/params.py
[2024-02-28T02:22:49.990+0000] {processor.py:840} INFO - DAG(s) 'params' retrieved from /opt/airflow/dags/params.py
[2024-02-28T02:22:50.013+0000] {logging_mixin.py:188} INFO - [2024-02-28T02:22:50.013+0000] {dag.py:3047} INFO - Sync 1 DAGs
[2024-02-28T02:22:50.022+0000] {logging_mixin.py:188} INFO - [2024-02-28T02:22:50.022+0000] {dag.py:3834} INFO - Setting next_dagrun for params to None, run_after=None
[2024-02-28T02:22:50.038+0000] {processor.py:183} INFO - Processing /opt/airflow/dags/params.py took 0.065 seconds
[2024-02-28T02:23:20.754+0000] {processor.py:161} INFO - Started process (PID=495) to work on /opt/airflow/dags/params.py
[2024-02-28T02:23:20.754+0000] {processor.py:830} INFO - Processing file /opt/airflow/dags/params.py for tasks to queue
[2024-02-28T02:23:20.756+0000] {logging_mixin.py:188} INFO - [2024-02-28T02:23:20.756+0000] {dagbag.py:540} INFO - Filling up the DagBag from /opt/airflow/dags/params.py
[2024-02-28T02:23:20.772+0000] {processor.py:840} INFO - DAG(s) 'params' retrieved from /opt/airflow/dags/params.py
[2024-02-28T02:23:20.801+0000] {logging_mixin.py:188} INFO - [2024-02-28T02:23:20.801+0000] {dag.py:3047} INFO - Sync 1 DAGs
[2024-02-28T02:23:20.811+0000] {logging_mixin.py:188} INFO - [2024-02-28T02:23:20.811+0000] {dag.py:3834} INFO - Setting next_dagrun for params to None, run_after=None
[2024-02-28T02:23:20.829+0000] {processor.py:183} INFO - Processing /opt/airflow/dags/params.py took 0.079 seconds
[2024-02-28T02:23:51.549+0000] {processor.py:161} INFO - Started process (PID=506) to work on /opt/airflow/dags/params.py
[2024-02-28T02:23:51.550+0000] {processor.py:830} INFO - Processing file /opt/airflow/dags/params.py for tasks to queue
[2024-02-28T02:23:51.552+0000] {logging_mixin.py:188} INFO - [2024-02-28T02:23:51.552+0000] {dagbag.py:540} INFO - Filling up the DagBag from /opt/airflow/dags/params.py
[2024-02-28T02:23:51.564+0000] {processor.py:840} INFO - DAG(s) 'params' retrieved from /opt/airflow/dags/params.py
[2024-02-28T02:23:51.589+0000] {logging_mixin.py:188} INFO - [2024-02-28T02:23:51.589+0000] {dag.py:3047} INFO - Sync 1 DAGs
[2024-02-28T02:23:51.597+0000] {logging_mixin.py:188} INFO - [2024-02-28T02:23:51.597+0000] {dag.py:3834} INFO - Setting next_dagrun for params to None, run_after=None
[2024-02-28T02:23:51.613+0000] {processor.py:183} INFO - Processing /opt/airflow/dags/params.py took 0.066 seconds
[2024-02-28T02:24:22.272+0000] {processor.py:161} INFO - Started process (PID=517) to work on /opt/airflow/dags/params.py
[2024-02-28T02:24:22.273+0000] {processor.py:830} INFO - Processing file /opt/airflow/dags/params.py for tasks to queue
[2024-02-28T02:24:22.274+0000] {logging_mixin.py:188} INFO - [2024-02-28T02:24:22.274+0000] {dagbag.py:540} INFO - Filling up the DagBag from /opt/airflow/dags/params.py
[2024-02-28T02:24:22.287+0000] {processor.py:840} INFO - DAG(s) 'params' retrieved from /opt/airflow/dags/params.py
[2024-02-28T02:24:22.312+0000] {logging_mixin.py:188} INFO - [2024-02-28T02:24:22.312+0000] {dag.py:3047} INFO - Sync 1 DAGs
[2024-02-28T02:24:22.321+0000] {logging_mixin.py:188} INFO - [2024-02-28T02:24:22.320+0000] {dag.py:3834} INFO - Setting next_dagrun for params to None, run_after=None
[2024-02-28T02:24:22.343+0000] {processor.py:183} INFO - Processing /opt/airflow/dags/params.py took 0.073 seconds
[2024-02-28T02:24:53.066+0000] {processor.py:161} INFO - Started process (PID=528) to work on /opt/airflow/dags/params.py
[2024-02-28T02:24:53.067+0000] {processor.py:830} INFO - Processing file /opt/airflow/dags/params.py for tasks to queue
[2024-02-28T02:24:53.068+0000] {logging_mixin.py:188} INFO - [2024-02-28T02:24:53.068+0000] {dagbag.py:540} INFO - Filling up the DagBag from /opt/airflow/dags/params.py
[2024-02-28T02:24:53.082+0000] {processor.py:840} INFO - DAG(s) 'params' retrieved from /opt/airflow/dags/params.py
[2024-02-28T02:24:53.107+0000] {logging_mixin.py:188} INFO - [2024-02-28T02:24:53.107+0000] {dag.py:3047} INFO - Sync 1 DAGs
[2024-02-28T02:24:53.116+0000] {logging_mixin.py:188} INFO - [2024-02-28T02:24:53.116+0000] {dag.py:3834} INFO - Setting next_dagrun for params to None, run_after=None
[2024-02-28T02:24:53.133+0000] {processor.py:183} INFO - Processing /opt/airflow/dags/params.py took 0.069 seconds
[2024-02-28T02:25:23.798+0000] {processor.py:161} INFO - Started process (PID=539) to work on /opt/airflow/dags/params.py
[2024-02-28T02:25:23.799+0000] {processor.py:830} INFO - Processing file /opt/airflow/dags/params.py for tasks to queue
[2024-02-28T02:25:23.800+0000] {logging_mixin.py:188} INFO - [2024-02-28T02:25:23.800+0000] {dagbag.py:540} INFO - Filling up the DagBag from /opt/airflow/dags/params.py
[2024-02-28T02:25:23.816+0000] {processor.py:840} INFO - DAG(s) 'params' retrieved from /opt/airflow/dags/params.py
[2024-02-28T02:25:23.846+0000] {logging_mixin.py:188} INFO - [2024-02-28T02:25:23.846+0000] {dag.py:3047} INFO - Sync 1 DAGs
[2024-02-28T02:25:23.859+0000] {logging_mixin.py:188} INFO - [2024-02-28T02:25:23.858+0000] {dag.py:3834} INFO - Setting next_dagrun for params to None, run_after=None
[2024-02-28T02:25:23.882+0000] {processor.py:183} INFO - Processing /opt/airflow/dags/params.py took 0.086 seconds
[2024-02-28T02:25:49.511+0000] {processor.py:161} INFO - Started process (PID=550) to work on /opt/airflow/dags/params.py
[2024-02-28T02:25:49.511+0000] {processor.py:830} INFO - Processing file /opt/airflow/dags/params.py for tasks to queue
[2024-02-28T02:25:49.512+0000] {logging_mixin.py:188} INFO - [2024-02-28T02:25:49.512+0000] {dagbag.py:540} INFO - Filling up the DagBag from /opt/airflow/dags/params.py
[2024-02-28T02:25:49.536+0000] {processor.py:840} INFO - DAG(s) 'params' retrieved from /opt/airflow/dags/params.py
[2024-02-28T02:25:49.615+0000] {logging_mixin.py:188} INFO - [2024-02-28T02:25:49.615+0000] {dag.py:3047} INFO - Sync 1 DAGs
[2024-02-28T02:25:49.625+0000] {logging_mixin.py:188} INFO - [2024-02-28T02:25:49.625+0000] {dag.py:3834} INFO - Setting next_dagrun for params to None, run_after=None
[2024-02-28T02:25:49.645+0000] {processor.py:183} INFO - Processing /opt/airflow/dags/params.py took 0.136 seconds
[2024-02-28T02:26:08.018+0000] {processor.py:161} INFO - Started process (PID=561) to work on /opt/airflow/dags/params.py
[2024-02-28T02:26:08.019+0000] {processor.py:830} INFO - Processing file /opt/airflow/dags/params.py for tasks to queue
[2024-02-28T02:26:08.020+0000] {logging_mixin.py:188} INFO - [2024-02-28T02:26:08.019+0000] {dagbag.py:540} INFO - Filling up the DagBag from /opt/airflow/dags/params.py
[2024-02-28T02:26:08.037+0000] {processor.py:840} INFO - DAG(s) 'params' retrieved from /opt/airflow/dags/params.py
[2024-02-28T02:26:08.120+0000] {logging_mixin.py:188} INFO - [2024-02-28T02:26:08.120+0000] {dag.py:3047} INFO - Sync 1 DAGs
[2024-02-28T02:26:08.130+0000] {logging_mixin.py:188} INFO - [2024-02-28T02:26:08.130+0000] {dag.py:3069} INFO - Creating ORM DAG for params
[2024-02-28T02:26:08.130+0000] {logging_mixin.py:188} INFO - [2024-02-28T02:26:08.130+0000] {dag.py:3834} INFO - Setting next_dagrun for params to None, run_after=None
[2024-02-28T02:26:08.149+0000] {processor.py:183} INFO - Processing /opt/airflow/dags/params.py took 0.133 seconds
[2024-02-28T02:26:38.684+0000] {processor.py:161} INFO - Started process (PID=572) to work on /opt/airflow/dags/params.py
[2024-02-28T02:26:38.685+0000] {processor.py:830} INFO - Processing file /opt/airflow/dags/params.py for tasks to queue
[2024-02-28T02:26:38.687+0000] {logging_mixin.py:188} INFO - [2024-02-28T02:26:38.686+0000] {dagbag.py:540} INFO - Filling up the DagBag from /opt/airflow/dags/params.py
[2024-02-28T02:26:38.699+0000] {processor.py:840} INFO - DAG(s) 'params' retrieved from /opt/airflow/dags/params.py
[2024-02-28T02:26:38.722+0000] {logging_mixin.py:188} INFO - [2024-02-28T02:26:38.722+0000] {dag.py:3047} INFO - Sync 1 DAGs
[2024-02-28T02:26:38.732+0000] {logging_mixin.py:188} INFO - [2024-02-28T02:26:38.731+0000] {dag.py:3834} INFO - Setting next_dagrun for params to None, run_after=None
[2024-02-28T02:26:38.749+0000] {processor.py:183} INFO - Processing /opt/airflow/dags/params.py took 0.067 seconds
[2024-02-28T02:27:09.496+0000] {processor.py:161} INFO - Started process (PID=583) to work on /opt/airflow/dags/params.py
[2024-02-28T02:27:09.497+0000] {processor.py:830} INFO - Processing file /opt/airflow/dags/params.py for tasks to queue
[2024-02-28T02:27:09.498+0000] {logging_mixin.py:188} INFO - [2024-02-28T02:27:09.498+0000] {dagbag.py:540} INFO - Filling up the DagBag from /opt/airflow/dags/params.py
[2024-02-28T02:27:09.514+0000] {processor.py:840} INFO - DAG(s) 'params' retrieved from /opt/airflow/dags/params.py
[2024-02-28T02:27:09.541+0000] {logging_mixin.py:188} INFO - [2024-02-28T02:27:09.541+0000] {dag.py:3047} INFO - Sync 1 DAGs
[2024-02-28T02:27:09.550+0000] {logging_mixin.py:188} INFO - [2024-02-28T02:27:09.550+0000] {dag.py:3834} INFO - Setting next_dagrun for params to None, run_after=None
[2024-02-28T02:27:09.567+0000] {processor.py:183} INFO - Processing /opt/airflow/dags/params.py took 0.072 seconds
[2024-02-28T02:27:19.714+0000] {processor.py:161} INFO - Started process (PID=584) to work on /opt/airflow/dags/params.py
[2024-02-28T02:27:19.715+0000] {processor.py:830} INFO - Processing file /opt/airflow/dags/params.py for tasks to queue
[2024-02-28T02:27:19.716+0000] {logging_mixin.py:188} INFO - [2024-02-28T02:27:19.716+0000] {dagbag.py:540} INFO - Filling up the DagBag from /opt/airflow/dags/params.py
[2024-02-28T02:27:19.737+0000] {processor.py:840} INFO - DAG(s) 'params' retrieved from /opt/airflow/dags/params.py
[2024-02-28T02:27:19.810+0000] {logging_mixin.py:188} INFO - [2024-02-28T02:27:19.810+0000] {dag.py:3047} INFO - Sync 1 DAGs
[2024-02-28T02:27:19.818+0000] {logging_mixin.py:188} INFO - [2024-02-28T02:27:19.817+0000] {dag.py:3834} INFO - Setting next_dagrun for params to None, run_after=None
[2024-02-28T02:27:19.836+0000] {processor.py:183} INFO - Processing /opt/airflow/dags/params.py took 0.124 seconds
[2024-02-28T02:27:50.391+0000] {processor.py:161} INFO - Started process (PID=595) to work on /opt/airflow/dags/params.py
[2024-02-28T02:27:50.391+0000] {processor.py:830} INFO - Processing file /opt/airflow/dags/params.py for tasks to queue
[2024-02-28T02:27:50.393+0000] {logging_mixin.py:188} INFO - [2024-02-28T02:27:50.393+0000] {dagbag.py:540} INFO - Filling up the DagBag from /opt/airflow/dags/params.py
[2024-02-28T02:27:50.415+0000] {processor.py:840} INFO - DAG(s) 'params' retrieved from /opt/airflow/dags/params.py
[2024-02-28T02:27:50.443+0000] {logging_mixin.py:188} INFO - [2024-02-28T02:27:50.443+0000] {dag.py:3047} INFO - Sync 1 DAGs
[2024-02-28T02:27:50.453+0000] {logging_mixin.py:188} INFO - [2024-02-28T02:27:50.453+0000] {dag.py:3834} INFO - Setting next_dagrun for params to None, run_after=None
[2024-02-28T02:27:50.474+0000] {processor.py:183} INFO - Processing /opt/airflow/dags/params.py took 0.085 seconds
[2024-02-28T02:27:56.525+0000] {processor.py:161} INFO - Started process (PID=602) to work on /opt/airflow/dags/params.py
[2024-02-28T02:27:56.526+0000] {processor.py:830} INFO - Processing file /opt/airflow/dags/params.py for tasks to queue
[2024-02-28T02:27:56.527+0000] {logging_mixin.py:188} INFO - [2024-02-28T02:27:56.527+0000] {dagbag.py:540} INFO - Filling up the DagBag from /opt/airflow/dags/params.py
[2024-02-28T02:27:56.551+0000] {processor.py:840} INFO - DAG(s) 'params' retrieved from /opt/airflow/dags/params.py
[2024-02-28T02:27:56.618+0000] {logging_mixin.py:188} INFO - [2024-02-28T02:27:56.618+0000] {dag.py:3047} INFO - Sync 1 DAGs
[2024-02-28T02:27:56.626+0000] {logging_mixin.py:188} INFO - [2024-02-28T02:27:56.626+0000] {dag.py:3069} INFO - Creating ORM DAG for params
[2024-02-28T02:27:56.627+0000] {logging_mixin.py:188} INFO - [2024-02-28T02:27:56.627+0000] {dag.py:3834} INFO - Setting next_dagrun for params to None, run_after=None
[2024-02-28T02:27:56.648+0000] {processor.py:183} INFO - Processing /opt/airflow/dags/params.py took 0.125 seconds
[2024-02-28T02:28:27.201+0000] {processor.py:161} INFO - Started process (PID=613) to work on /opt/airflow/dags/params.py
[2024-02-28T02:28:27.201+0000] {processor.py:830} INFO - Processing file /opt/airflow/dags/params.py for tasks to queue
[2024-02-28T02:28:27.203+0000] {logging_mixin.py:188} INFO - [2024-02-28T02:28:27.202+0000] {dagbag.py:540} INFO - Filling up the DagBag from /opt/airflow/dags/params.py
[2024-02-28T02:28:27.216+0000] {processor.py:840} INFO - DAG(s) 'params' retrieved from /opt/airflow/dags/params.py
[2024-02-28T02:28:27.238+0000] {logging_mixin.py:188} INFO - [2024-02-28T02:28:27.238+0000] {dag.py:3047} INFO - Sync 1 DAGs
[2024-02-28T02:28:27.247+0000] {logging_mixin.py:188} INFO - [2024-02-28T02:28:27.247+0000] {dag.py:3834} INFO - Setting next_dagrun for params to None, run_after=None
[2024-02-28T02:28:27.263+0000] {processor.py:183} INFO - Processing /opt/airflow/dags/params.py took 0.065 seconds
