[2024-02-28T04:51:02.498+0000] {logging_mixin.py:188} INFO - Changing /opt/***/logs/dag_id=deferrable_operator/run_id=manual__2024-02-28T04:51:01.562641+00:00/task_id=wait_event permission to 509
[2024-02-28T04:51:02.499+0000] {logging_mixin.py:188} INFO - Changing /opt/***/logs/dag_id=deferrable_operator/run_id=manual__2024-02-28T04:51:01.562641+00:00 permission to 509
[2024-02-28T04:51:02.500+0000] {logging_mixin.py:188} INFO - Changing /opt/***/logs/dag_id=deferrable_operator permission to 509
[2024-02-28T04:51:02.501+0000] {logging_mixin.py:188} INFO - Changing /opt/***/logs permission to 509
[2024-02-28T04:51:02.540+0000] {logging_mixin.py:188} INFO - Changing /opt/***/logs/dag_id=deferrable_operator/run_id=manual__2024-02-28T04:51:01.562641+00:00/task_id=wait_event permission to 509
[2024-02-28T04:51:02.543+0000] {logging_mixin.py:188} INFO - Changing /opt/***/logs/dag_id=deferrable_operator/run_id=manual__2024-02-28T04:51:01.562641+00:00 permission to 509
[2024-02-28T04:51:02.545+0000] {logging_mixin.py:188} INFO - Changing /opt/***/logs/dag_id=deferrable_operator permission to 509
[2024-02-28T04:51:02.546+0000] {logging_mixin.py:188} INFO - Changing /opt/***/logs permission to 509
[2024-02-28T04:51:02.598+0000] {taskinstance.py:1979} INFO - Dependencies all met for dep_context=non-requeueable deps ti=<TaskInstance: deferrable_operator.wait_event manual__2024-02-28T04:51:01.562641+00:00 [queued]>
[2024-02-28T04:51:02.605+0000] {taskinstance.py:1979} INFO - Dependencies all met for dep_context=requeueable deps ti=<TaskInstance: deferrable_operator.wait_event manual__2024-02-28T04:51:01.562641+00:00 [queued]>
[2024-02-28T04:51:02.605+0000] {taskinstance.py:2193} INFO - Starting attempt 1 of 3
[2024-02-28T04:51:02.615+0000] {taskinstance.py:2214} INFO - Executing <Task(WaitAMinuteTrigger): wait_event> on 2024-02-28 04:51:01.562641+00:00
[2024-02-28T04:51:02.619+0000] {standard_task_runner.py:60} INFO - Started process 2363 to run task
[2024-02-28T04:51:02.620+0000] {standard_task_runner.py:87} INFO - Running: ['***', 'tasks', 'run', 'deferrable_operator', 'wait_event', 'manual__2024-02-28T04:51:01.562641+00:00', '--job-id', '69', '--raw', '--subdir', 'DAGS_FOLDER/deferrable_operator.py', '--cfg-path', '/tmp/tmpe86tyue9']
[2024-02-28T04:51:02.621+0000] {standard_task_runner.py:88} INFO - Job 69: Subtask wait_event
[2024-02-28T04:51:02.691+0000] {logging_mixin.py:188} INFO - Changing /opt/***/logs/dag_id=deferrable_operator/run_id=manual__2024-02-28T04:51:01.562641+00:00/task_id=wait_event permission to 509
[2024-02-28T04:51:02.692+0000] {logging_mixin.py:188} INFO - Changing /opt/***/logs/dag_id=deferrable_operator/run_id=manual__2024-02-28T04:51:01.562641+00:00 permission to 509
[2024-02-28T04:51:02.693+0000] {logging_mixin.py:188} INFO - Changing /opt/***/logs/dag_id=deferrable_operator permission to 509
[2024-02-28T04:51:02.694+0000] {logging_mixin.py:188} INFO - Changing /opt/***/logs permission to 509
[2024-02-28T04:51:02.695+0000] {task_command.py:423} INFO - Running <TaskInstance: deferrable_operator.wait_event manual__2024-02-28T04:51:01.562641+00:00 [running]> on host 68829ac68ce6
[2024-02-28T04:51:02.787+0000] {taskinstance.py:2510} INFO - Exporting env vars: AIRFLOW_CTX_DAG_OWNER='vutt' AIRFLOW_CTX_DAG_ID='deferrable_operator' AIRFLOW_CTX_TASK_ID='wait_event' AIRFLOW_CTX_EXECUTION_DATE='2024-02-28T04:51:01.562641+00:00' AIRFLOW_CTX_TRY_NUMBER='1' AIRFLOW_CTX_DAG_RUN_ID='manual__2024-02-28T04:51:01.562641+00:00'
[2024-02-28T04:51:02.799+0000] {taskinstance.py:2367} INFO - Pausing task as DEFERRED. dag_id=deferrable_operator, task_id=wait_event, execution_date=20240228T045101, start_date=20240228T045102
[2024-02-28T04:51:02.834+0000] {local_task_job_runner.py:231} INFO - Task exited with return code 100 (task deferral)
[2024-02-28T04:52:04.929+0000] {logging_mixin.py:188} INFO - Changing /opt/***/logs/dag_id=deferrable_operator/run_id=manual__2024-02-28T04:51:01.562641+00:00/task_id=wait_event permission to 509
[2024-02-28T04:52:04.931+0000] {logging_mixin.py:188} INFO - Changing /opt/***/logs/dag_id=deferrable_operator/run_id=manual__2024-02-28T04:51:01.562641+00:00 permission to 509
[2024-02-28T04:52:04.932+0000] {logging_mixin.py:188} INFO - Changing /opt/***/logs/dag_id=deferrable_operator permission to 509
[2024-02-28T04:52:04.933+0000] {logging_mixin.py:188} INFO - Changing /opt/***/logs permission to 509
[2024-02-28T04:52:04.975+0000] {logging_mixin.py:188} INFO - Changing /opt/***/logs/dag_id=deferrable_operator/run_id=manual__2024-02-28T04:51:01.562641+00:00/task_id=wait_event permission to 509
[2024-02-28T04:52:04.976+0000] {logging_mixin.py:188} INFO - Changing /opt/***/logs/dag_id=deferrable_operator/run_id=manual__2024-02-28T04:51:01.562641+00:00 permission to 509
[2024-02-28T04:52:04.977+0000] {logging_mixin.py:188} INFO - Changing /opt/***/logs/dag_id=deferrable_operator permission to 509
[2024-02-28T04:52:04.977+0000] {logging_mixin.py:188} INFO - Changing /opt/***/logs permission to 509
[2024-02-28T04:52:05.004+0000] {taskinstance.py:1979} INFO - Dependencies all met for dep_context=non-requeueable deps ti=<TaskInstance: deferrable_operator.wait_event manual__2024-02-28T04:51:01.562641+00:00 [queued]>
[2024-02-28T04:52:05.009+0000] {taskinstance.py:1979} INFO - Dependencies all met for dep_context=requeueable deps ti=<TaskInstance: deferrable_operator.wait_event manual__2024-02-28T04:51:01.562641+00:00 [queued]>
[2024-02-28T04:52:05.009+0000] {taskinstance.py:2191} INFO - Resuming after deferral
[2024-02-28T04:52:05.018+0000] {taskinstance.py:2214} INFO - Executing <Task(WaitAMinuteTrigger): wait_event> on 2024-02-28 04:51:01.562641+00:00
[2024-02-28T04:52:05.021+0000] {standard_task_runner.py:60} INFO - Started process 2379 to run task
[2024-02-28T04:52:05.023+0000] {standard_task_runner.py:87} INFO - Running: ['***', 'tasks', 'run', 'deferrable_operator', 'wait_event', 'manual__2024-02-28T04:51:01.562641+00:00', '--job-id', '70', '--raw', '--subdir', 'DAGS_FOLDER/deferrable_operator.py', '--cfg-path', '/tmp/tmpku9dznlz']
[2024-02-28T04:52:05.024+0000] {standard_task_runner.py:88} INFO - Job 70: Subtask wait_event
[2024-02-28T04:52:05.079+0000] {logging_mixin.py:188} INFO - Changing /opt/***/logs/dag_id=deferrable_operator/run_id=manual__2024-02-28T04:51:01.562641+00:00/task_id=wait_event permission to 509
[2024-02-28T04:52:05.080+0000] {logging_mixin.py:188} INFO - Changing /opt/***/logs/dag_id=deferrable_operator/run_id=manual__2024-02-28T04:51:01.562641+00:00 permission to 509
[2024-02-28T04:52:05.080+0000] {logging_mixin.py:188} INFO - Changing /opt/***/logs/dag_id=deferrable_operator permission to 509
[2024-02-28T04:52:05.081+0000] {logging_mixin.py:188} INFO - Changing /opt/***/logs permission to 509
[2024-02-28T04:52:05.082+0000] {task_command.py:423} INFO - Running <TaskInstance: deferrable_operator.wait_event manual__2024-02-28T04:51:01.562641+00:00 [running]> on host 68829ac68ce6
[2024-02-28T04:52:05.178+0000] {xcom.py:664} ERROR - Object of type coroutine is not JSON serializable. If you are using pickle instead of JSON for XCom, then you need to enable pickle support for XCom in your *** config or make sure to decorate your object with attr.
[2024-02-28T04:52:05.179+0000] {taskinstance.py:2728} ERROR - Task failed with exception
Traceback (most recent call last):
  File "/home/airflow/.local/lib/python3.11/site-packages/airflow/utils/json.py", line 91, in default
    return serialize(o)
           ^^^^^^^^^^^^
  File "/home/airflow/.local/lib/python3.11/site-packages/airflow/serialization/serde.py", line 189, in serialize
    raise TypeError(f"cannot serialize object of type {cls}")
TypeError: cannot serialize object of type <class 'coroutine'>

During handling of the above exception, another exception occurred:

Traceback (most recent call last):
  File "/home/airflow/.local/lib/python3.11/site-packages/airflow/models/taskinstance.py", line 451, in _execute_task
    task_instance.xcom_push(key=XCOM_RETURN_KEY, value=xcom_value, session=session)
  File "/home/airflow/.local/lib/python3.11/site-packages/airflow/utils/session.py", line 76, in wrapper
    return func(*args, **kwargs)
           ^^^^^^^^^^^^^^^^^^^^^
  File "/home/airflow/.local/lib/python3.11/site-packages/airflow/models/taskinstance.py", line 3010, in xcom_push
    XCom.set(
  File "/home/airflow/.local/lib/python3.11/site-packages/airflow/utils/session.py", line 76, in wrapper
    return func(*args, **kwargs)
           ^^^^^^^^^^^^^^^^^^^^^
  File "/home/airflow/.local/lib/python3.11/site-packages/airflow/models/xcom.py", line 247, in set
    value = cls.serialize_value(
            ^^^^^^^^^^^^^^^^^^^^
  File "/home/airflow/.local/lib/python3.11/site-packages/airflow/models/xcom.py", line 662, in serialize_value
    return json.dumps(value, cls=XComEncoder).encode("UTF-8")
           ^^^^^^^^^^^^^^^^^^^^^^^^^^^^^^^^^^
  File "/usr/local/lib/python3.11/json/__init__.py", line 238, in dumps
    **kw).encode(obj)
          ^^^^^^^^^^^
  File "/home/airflow/.local/lib/python3.11/site-packages/airflow/utils/json.py", line 104, in encode
    return super().encode(o)
           ^^^^^^^^^^^^^^^^^
  File "/usr/local/lib/python3.11/json/encoder.py", line 200, in encode
    chunks = self.iterencode(o, _one_shot=True)
             ^^^^^^^^^^^^^^^^^^^^^^^^^^^^^^^^^^
  File "/usr/local/lib/python3.11/json/encoder.py", line 258, in iterencode
    return _iterencode(o, 0)
           ^^^^^^^^^^^^^^^^^
  File "/home/airflow/.local/lib/python3.11/site-packages/airflow/utils/json.py", line 93, in default
    return super().default(o)
           ^^^^^^^^^^^^^^^^^^
  File "/usr/local/lib/python3.11/json/encoder.py", line 180, in default
    raise TypeError(f'Object of type {o.__class__.__name__} '
TypeError: Object of type coroutine is not JSON serializable
[2024-02-28T04:52:05.195+0000] {taskinstance.py:1149} INFO - Marking task as UP_FOR_RETRY. dag_id=deferrable_operator, task_id=wait_event, execution_date=20240228T045101, start_date=20240228T045102, end_date=20240228T045205
[2024-02-28T04:52:05.205+0000] {standard_task_runner.py:107} ERROR - Failed to execute job 70 for task wait_event (Object of type coroutine is not JSON serializable; 2379)
[2024-02-28T04:52:05.235+0000] {local_task_job_runner.py:234} INFO - Task exited with return code 1
[2024-02-28T04:52:05.271+0000] {taskinstance.py:3309} INFO - 0 downstream tasks scheduled from follow-on schedule check
